# ä¸€ä¸ª Clang Bug å¼•å‘çš„è¡€æ¡ˆ

## æ¡ˆå‘ç°åœº

æœ€è¿‘åœ¨åš TiKV ç›¸å…³çš„å¼€å‘å’Œæµ‹è¯•ï¼Œåœ¨æ”¹äº†ä¸€äº› TiKV çš„ä»£ç ä¹‹åï¼Œåœ¨è‡ªå·±çš„ Mac ç¬”è®°æœ¬ä¸Šç”¨ `make release` ç¼–è¯‘äº†ä¸€ä¸‹ TiKV ç„¶åå‡†å¤‡æŒ‚ä¸Šè‡ªå·±çš„æ•°æ®åšä¸€ä¸‹æµ‹è¯•ã€‚ç„¶å Segment Fault å‘ç”Ÿäº†ã€‚

```
...
2017/12/18 10:50:48.657 tikv-server.rs:146: [WARN] environment variable `TZ` is missing, use `/etc/localtime`
2017/12/18 10:50:48.667 util.rs:426: [INFO] connect to PD leader "http://127.0.0.1:2379"
2017/12/18 10:50:48.667 util.rs:357: [INFO] All PD endpoints are consistent: ["127.0.0.1:2379"]
2017/12/18 10:50:48.667 tikv-server.rs:525: [INFO] connect to PD cluster 6498555866359339957
2017/12/18 10:50:48.716 mod.rs:497: [INFO] storage RaftKv started.
2017/12/18 10:50:48.720 mod.rs:308: [INFO] starting working thread: store address resolve worker
2017/12/18 10:50:48.721 server.rs:94: [INFO] listening on 127.0.0.1:20160
2017/12/18 10:50:48.723 node.rs:329: [INFO] start raft store 1 thread
[1]    86379 segmentation fault (core dumped)  ./tikv-server -C tikv.toml
```

æƒ³èµ·äº†ä¹‹å‰ PingCAP åŒå­¦è¯´è¿‡ï¼ŒTiKVï¼ŒPD å’Œ TiDB ç‰ˆæœ¬ä¸åŒæœ‰å¯èƒ½ä¼šå¯¼è‡´ RPC åè®®æ•°æ®æ ¼å¼çš„ç‰ˆæœ¬ä¸åŒï¼Œç„¶åä¼šå¯¼è‡´ Segment Faultã€‚å¥½å§ï¼Œå…ˆæŠŠ PD å’Œ TiDB éƒ½å‡çº§åˆ°æœ€æ–°çš„ä»£ç è¯•è¯•ã€‚

ç»è¿‡å¤§çº¦3åˆ†é’Ÿçš„ç¼–è¯‘ï¼Œé‡æ–°å¯åŠ¨ã€‚ç„¶å TiKV ä»æ—§ Segment Faultã€‚å¥½å§ï¼Œçœ‹æ¥æ˜¯ä¸ªå¤§æ–°é—»ã€‚è”ç³»åˆ°äº† PingCAP çš„åŒå­¦å¹¶å‘ä»–ä»¬æŠ¥äº†éšœã€‚å‡ åˆ†é’Ÿä¹‹åï¼ŒPingCAP é‚£è¾¹çš„åŒå­¦ä¹Ÿåé¦ˆé‡åˆ°äº†ç±»ä¼¼çš„é—®é¢˜ï¼Œä¸è¿‡ Linux ä¸‹ build çš„ç‰ˆæœ¬å¹¶æ²¡æœ‰é‡åˆ°ä»»ä½•é—®é¢˜ã€‚

## æŒ–åœ°ä¸‰å°º

é‡åˆ°è¿™ç§ Segment Fault çš„é—®é¢˜ä¸€èˆ¬æ¥è®²åº”è¯¥æ˜¯é‡åˆ°äº†ä¸€ä¸ªéšè—æ¯”è¾ƒæ·±çš„ Bugï¼Œæ ¹æ®ä»¥å‰çš„ç»éªŒï¼ŒSegment Fault å¤šåŠæ˜¯è®¿é—®åˆ°äº†ä¸è¯¥è®¿é—®çš„å†…å­˜ã€‚ä½†é‰´äº MacOS å¹¶æ²¡æœ‰ç±»ä¼¼ Linux çš„ syslog ä¸­è®°å½• Segment Fault åŸå› çš„æ—¥å¿—ï¼Œåªå¥½è‡ªå·±å¯åŠ¨ lldb æ¥çœ‹çœ‹å †æ ˆäº†ã€‚

ç»è¿‡ä¸€ç•ªæŸ¥æ‰¾ï¼Œæ‰¾åˆ°äº†å¼•èµ· Segment Fault çš„çº¿ç¨‹çš„æ¡ˆå‘ç°åœºï¼š

```
* thread #19, stop reason = signal SIGSTOP
  * frame #0: 0x000000010d5a94d4 tikv-server`rocksdb::Version::AddIteratorsForLevel(rocksdb::ReadOptions const&, rocksdb::EnvOptions const&, rocksdb::MergeIteratorBuilder*, int, rocksdb::RangeDelAggregator*) + 692
    frame #1: 0x000000010d5a91f8 tikv-server`rocksdb::Version::AddIterators(rocksdb::ReadOptions const&, rocksdb::EnvOptions const&, rocksdb::MergeIteratorBuilder*, rocksdb::RangeDelAggregator*) + 72
    frame #2: 0x000000010d4a9b49 tikv-server`rocksdb::DBImpl::NewInternalIterator(rocksdb::ReadOptions const&, rocksdb::ColumnFamilyData*, rocksdb::SuperVersion*, rocksdb::Arena*, rocksdb::RangeDelAggregator*) + 249
    frame #3: 0x000000010d4ad85f tikv-server`rocksdb::DBImpl::NewIterator(rocksdb::ReadOptions const&, rocksdb::ColumnFamilyHandle*) + 495
    frame #4: 0x000000010d81de94 tikv-server`::crocksdb_create_iterator_cf(db=0x00007f8d0c674860, options=<unavailable>, column_family=0x00007f8d0c662d90) at c.cc:926 [opt]
    frame #5: 0x000000010cec6eb4 tikv-server`tikv::raftstore::store::engine::{{impl}}::new_iterator_cf at rocksdb.rs:213 [opt]
    frame #6: 0x000000010cec6e4d tikv-server`tikv::raftstore::store::engine::{{impl}}::new_iterator_cf(self=0x000000010ee98080, cf=<unavailable>, iter_opt=<unavailable>) at engine.rs:357 [opt]
...
```

è¿™ä¸‹å­å¥½äº†ï¼Œè‡³å°‘æ‰¾åˆ°å¼•èµ· Segment Fault çš„ä½ç½®äº†ï¼š`rocksdb`ã€‚éšå³ä¸Š github ä¸ŠæŸ¥çœ‹äº† TiKV è·Ÿ `rust-rocksdb` åº“ç›¸å…³çš„æäº¤ã€‚æ€»å…±æ‰¾åˆ°äº† 3 ä¸ª PR è·Ÿå‡çº§ `rust-rocksdb` æœ‰å…³ã€‚æ¥ä¸‹æ¥å°±å¯ä»¥åšä¸€äº›éªŒè¯ï¼Œæ‰¾åˆ°å¼•å…¥é—®é¢˜çš„é‚£ä¸ªæäº¤ã€‚

## å±±ç©·æ°´å°½

æ‰¾åˆ°äº† 3 ä¸ªå¯ä»¥çš„å«Œç–‘äººï¼ˆPRï¼‰ï¼Œé‚£ä¹ˆæŒ¨ä¸ª Revert ç„¶å `make release` æœ€ç»ˆå®šä½åˆ°äº†æœ€æ—©çš„é‚£ä¸ª PR å°±æ˜¯å¼•å…¥é—®é¢˜çš„ç½ªé­ç¥¸é¦–ã€‚

åœ¨æ‹¿åˆ°äº†è¿™ä¸ªè¯æ®ä¹‹åï¼Œéšæœºå°±è·Ÿ PingCAP çš„åŒå­¦è¿›è¡Œè®¨è®ºã€‚å‘ç°è¿™ä¸ª PR çš„ä»£ç è·Ÿ RocksDB çš„å®˜æ–¹ä»£ç æœ‰ç»†å¾®çš„ä¸åŒã€‚ä½†æ˜¯ä»–ä»¬ä¹Ÿæ˜¯åœ¨æ”¹è¿›ä¹‹åä¹Ÿæ²¡è§£å†³è¿™ä¸ªé—®é¢˜ã€‚ç„¶å æŒ‰ç…§ PingCAP çš„åŒå­¦è¯´ç”¨ `make unportable_release` build ç¡®å®æ²¡å‡ºç° Segment Fault çš„é—®é¢˜ã€‚

çœ‹æ¥è¿™ä¸ªé—®é¢˜çœŸæ˜¯éš¾ç¼ ã€‚éš¾é“è¿™ä¸¤ä¸ª build æ¨¡å¼åˆæœ‰ä»€ä¹ˆä¸åŒä¹ˆï¼ŸæŠ±ç€è¿™ä¸ªé—®é¢˜å¼€å§‹ç¿»é˜… TiKV å’Œ rust-rocksdb ä¸¤ä¸ªé¡¹ç›®çš„ç¼–è¯‘è„šæœ¬ã€‚æœ€ç»ˆå·®åˆ«è¿˜æ˜¯æ‰¾åˆ°äº†ï¼š

* make release ä¼šåœ¨ cc åé¢åŠ å…¥ `-msse42` å‚æ•°
* make unportable_release ä¼šåœ¨ cc åé¢åŠ å…¥ `-march=native` åŒæ—¶æ²¡æœ‰ `-msse42` å‚æ•°

è¿™ä¸‹æ˜ç¡®äº†ä¸€ç‚¹ï¼Œè¿™ä¸ª Segment Fault å¤§æ¦‚ç‡è·Ÿ SSE æŒ‡ä»¤ç›¸å…³çš„ä»£ç æœ‰å…³ã€‚æ ¹æ®è¿™ä¸ªçº¿ç´¢ï¼Œæ‰¾åˆ°äº† RocksDB ä¸­çš„ `util/crc32c.cc` æ–‡ä»¶ã€‚è¡Œæ•°ä¸å¤šï¼Œä½†ä½¿ç”¨çš„è·Ÿ SSE ç›¸å…³çš„å‡½æ•°ç»è¿‡æ’æŸ¥å‘ç°æ˜¯ç³»ç»Ÿé»˜è®¤æä¾›çš„ã€‚å†ä¸€æ¬¡æ— åŠŸè€Œè¿”ã€‚

è¿™æ—¶æƒ³èµ·äº† lldb ä¸­çš„åæ±‡ç¼–å·¥å…·ï¼Œçœ‹çœ‹åˆ°åº•æ˜¯æ­»åœ¨å“ªé‡Œäº†ï¼š

```
...
    0x10d5a94b0 <+656>:  leaq   0x874889(%rip), %rcx      ; vtable for rocksdb::(anonymous namespace)::LevelFileIteratorState + 16
    0x10d5a94b7 <+663>:  movq   %rcx, (%r12)
    0x10d5a94bb <+667>:  movq   %rax, 0x10(%r12)
    0x10d5a94c0 <+672>:  movq   0x2d(%rbx), %rax
    0x10d5a94c4 <+676>:  movq   %rax, 0x4d(%r12)
    0x10d5a94c9 <+681>:  movaps (%rbx), %xmm0
    0x10d5a94cc <+684>:  movaps 0x10(%rbx), %xmm1
    0x10d5a94d0 <+688>:  movaps 0x20(%rbx), %xmm2
->  0x10d5a94d4 <+692>:  movaps %xmm2, 0x40(%r12)
    0x10d5a94da <+698>:  movaps %xmm1, 0x30(%r12)
    0x10d5a94e0 <+704>:  movaps %xmm0, 0x20(%r12)
    0x10d5a94e6 <+710>:  movq   0x60(%rbx), %rdi
    0x10d5a94ea <+714>:  testq  %rdi, %rdi
    0x10d5a94ed <+717>:  je     0x10d5a9514               ; <+756>
...
```

ç®­å¤´æŒ‡å‘äº†ä¸€ä¸ª `movaps` æŒ‡ä»¤ï¼Œè¿™æ˜¯ä»€ä¹ˆé¬¼...

## æŸ³æš—èŠ±æ˜

ä¸€è·¯æ’æŸ¥åˆ°è¿™é‡Œï¼Œåˆ°å¤´æ¥è¿˜æ˜¯ä»€ä¹ˆæœ‰ä»·å€¼çš„ä¸œè¥¿éƒ½æ²¡æ‰¾å‡ºæ¥ã€‚åœ¨ä»”ç»†æ•´ç†äº†æ€è·¯ä¹‹åå‘ç°æ•´ä¸ªæ¡ˆä»¶è¿˜æœ‰ä¸€ä¸ªè¯æ®æ²¡æœ‰æ‰¾åˆ°ï¼ŒSegment Fault çš„å®é™…åŸå› ã€‚æ—¢ç„¶æ²¡æ³•ä» syslog ä¸­æ‰¾åˆ°å¯¹åº”çš„æ—¥å¿—ï¼Œé‚£ä¹ˆåœ¨ lldb ä¸­è¿è¡Œä¸€ä¸‹å‘¢ï¼Ÿ

```
2017/12/18 11:12:59.553 tikv-server.rs:146: [WARN] environment variable `TZ` is missing, use `/etc/localtime`
2017/12/18 11:12:59.560 util.rs:426: [INFO] connect to PD leader "http://127.0.0.1:2379"
2017/12/18 11:12:59.560 util.rs:357: [INFO] All PD endpoints are consistent: ["127.0.0.1:2379"]
2017/12/18 11:12:59.560 tikv-server.rs:525: [INFO] connect to PD cluster 6498555866359339957
2017/12/18 11:12:59.624 mod.rs:497: [INFO] storage RaftKv started.
2017/12/18 11:12:59.629 mod.rs:308: [INFO] starting working thread: store address resolve worker
2017/12/18 11:12:59.629 server.rs:94: [INFO] listening on 127.0.0.1:20160
2017/12/18 11:12:59.632 node.rs:329: [INFO] start raft store 1 thread
Process 86787 stopped
* thread #2, name = 'raftstore-1', stop reason = EXC_BAD_ACCESS (code=EXC_I386_GPFLT)
    frame #0: 0x0000000100b164d4 tikv-server`rocksdb::Version::AddIteratorsForLevel(rocksdb::ReadOptions const&, rocksdb::EnvOptions const&, rocksdb::MergeIteratorBuilder*, int, rocksdb::RangeDelAggregator*) + 692
tikv-server`rocksdb::Version::AddIteratorsForLevel:
->  0x100b164d4 <+692>: movaps %xmm2, 0x40(%r12)
    0x100b164da <+698>: movaps %xmm1, 0x30(%r12)
    0x100b164e0 <+704>: movaps %xmm0, 0x20(%r12)
    0x100b164e6 <+710>: movq   0x60(%rbx), %rdi
Target 0: (tikv-server) stopped.
```

å¥½äº†ï¼Œè¯æ®æ”¶é›†åˆ°äº†ï¼Œ`reason = EXC_BAD_ACCESS (code=EXC_I386_GPFLT)`ã€‚å¥½äº†ï¼Œè¿™äº›æ–‡å­—è¿˜æ˜¯å¤´ä¸€æ¬¡è§è¿‡ï¼Œé‚£ä¹ˆ googl...ï¼ˆå¥½å§ï¼Œè¿™ä¸ªç½‘ç«™ä¸å­˜åœ¨ï¼Œæˆ‘ç”¨çš„æ˜¯ bing.comï¼ğŸ˜‚)

åœ¨ Stack Overflow ç½‘ç«™ä¸­æ‰¾åˆ°ä¸€ä¸ªå¸–å­ï¼Œå…¶ä¸­æœ‰è¿™ä¹ˆä¸€å¥è¯ï¼š

>Another likely causes is unaligned access with an SSE register - in other word, reading a 16-byte SSE register from an address that isn't 16-byte aligned.

åˆšå¥½åœ¨ lldb ä¸­ä¹Ÿçœ‹åˆ°äº† `movaps %xmm2, 0x40(%r12)` è¿™ä¸ªæŒ‡ä»¤ã€‚é‚£ä¹ˆå¯ä»¥çœ‹çœ‹æ˜¯ä¸æ˜¯ `r12` è¿™ä¸ªå¯„å­˜å™¨é‡Œé¢çš„å€¼æœ‰é—®é¢˜ï¼Ÿ

```
(lldb) register read
General Purpose Registers:
       rax = 0x0000000001000000
       rbx = 0x00000001022085c0
       rcx = 0x000000010138ad40  tikv-server`vtable for rocksdb::(anonymous namespace)::LevelFileIteratorState + 16
       rdx = 0x0000000000000000
       rdi = 0x0000000104001030
       rsi = 0x0000000102879e38
       rbp = 0x000070000b3fdf30
       rsp = 0x000070000b3fded0
        r8 = 0x000000010287a7e0
        r9 = 0x0000000104001478
       r10 = 0x00000000fffff800
       r11 = 0x00000000000041c0
       r12 = 0x0000000104001478
       r13 = 0x0000000102873e00
       r14 = 0x000070000b3fdf88
       r15 = 0x0000000000000001
       rip = 0x0000000100b164d4  tikv-server`rocksdb::Version::AddIteratorsForLevel(rocksdb::ReadOptions const&, rocksdb::EnvOptions const&, rocksdb::MergeIteratorBuilder*, int, rocksdb::RangeDelAggregator*) + 692
    rflags = 0x0000000000010206
        cs = 0x000000000000002b
        fs = 0x0000000000000000
        gs = 0x0000000000000000
```

`r12 = 0x0000000104001478`ï¼Œæœ€åä¸€å­—èŠ‚æ˜¯ `0x78`ï¼16 å­—èŠ‚å¯¹å…¶çš„è¯æœ€åä¸€ä½åº”è¯¥æ˜¯ `0` å•Šï¼è¿™æ˜¯ä»€ä¹ˆæ“ä½œï¼

## çœŸç›¸åªæœ‰ä¸€ä¸ª

åœ¨æ‰¾åˆ°è¿™äº›çº¿ç´¢ä¹‹åï¼Œè·Ÿ PingCAP çš„åŒå­¦ä¹Ÿäº¤æµäº†ä¸€ä¸‹ï¼Œæœ€å PingCAP çš„åŒå­¦ä¹Ÿç¡®è®¤äº†è¿™ä¸ªé—®é¢˜çš„é”…åº”è¯¥æ˜¯ç¼–è¯‘å™¨æ¥èƒŒã€‚

**MacOS ä¸‹ Xcode 9.2 æºå¸¦çš„ clang 4.9 ä¼šæœ‰ä½¿ç”¨ `movaps` æŒ‡ä»¤å•å¹¶æ²¡åšå¥½åœ°å€å¯¹é½çš„é—®é¢˜ï¼Œå‡çº§åˆ° clang 5.0 ä¹‹åæŒ‡ä»¤ä¼šè¢«æ›¿æ¢æˆ `vmovups` é—®é¢˜å°±è§£å†³äº†**

æ—¢ç„¶é—®é¢˜çš„åŸå› æ‰¾åˆ°äº†ï¼Œåœ¨ç”Ÿäº§ç³»ç»Ÿä¸Šè·‘çš„ TiKV å¯ä»¥æ”¾å¿ƒäº†ã€‚ä½†æ˜¯ä½¿ç”¨è£…äº† clang 4.9 çš„ MacOS çš„åŒå­¦åœ¨å¼€å‘ TiKV çš„æ—¶å€™è¿˜æ˜¯å°½é‡ä½¿ç”¨ `make unportable_release` æ¥ç¼–è¯‘å¹¶æµ‹è¯•ã€‚

å‰©ä¸‹çš„å°±æ˜¯ç­‰ç­‰æ–°ç‰ˆæœ¬çš„ Xcode äº†å§ã€‚

## å†™åœ¨æœ€å

è¿™ä¸ª Bug è·Ÿä¸‹æ¥ä¹‹åï¼Œå‘ç°å¯¹è‡ªèº«çš„ä»·å€¼è§‚åˆæ˜¯ä¸€æ¬¡å†²å‡»ã€‚ä¸Šä¸€æ¬¡å¯¹ Linux Kernel çš„ä¿¡èµ–è¢«é‡åˆ°çš„å„ç§ Kernel Panic æ‰“ç ´äº†ã€‚è¿™æ¬¡åˆæ‰“ç ´äº†æˆ‘å¯¹ç¼–è¯‘å™¨çš„ä¿¡èµ–ã€‚çœ‹æ¥è¿™å¹´å¤´æ²¡æœ‰ä»€ä¹ˆèƒ½ 100% ä¿¡èµ–çš„ä¸œè¥¿äº†ã€‚

å½“ç„¶å¿…é¡»è¦æ„Ÿè°¢ä¸€ä¸‹ PingCAP çš„åŒå­¦ä»¬ã€‚å“åº”éå¸¸å¿«ï¼Œå°¤å…¶æ˜¯ å¼ é‡‘é¹ åŒå­¦ï¼Œä¸ºäº†è¿™ä¸ªé—®é¢˜æˆ‘ä»¬ä¸¤ä¸ªçœŸçš„æ˜¯æ‡µé€¼äº†å¥½å‡ å¤©ï¼Œä»–ä¹Ÿæ˜¯å„ç§ Rustï¼ŒC++ çš„æ‰‹å†™ç¨‹åºæ¥æŠ“è™«ã€‚